<?xml version="1.0" encoding="UTF-8"?>
<!-- Generated by org.testng.reporters.JUnitReportReporter -->
<testsuite hostname="Huawei-PC" failures="0" tests="1" name="tests.createAccountTests.FillFormTest" time="2.538" errors="0" timestamp="2023-05-05T15:01:43 EEST" skipped="0">
  <testcase classname="tests.createAccountTests.FillFormTest" name="test2" time="2.538"/>
  <system-out/>
</testsuite> <!-- tests.createAccountTests.FillFormTest -->
