<?xml version="1.0" encoding="UTF-8"?>
<!-- Generated by org.testng.reporters.JUnitReportReporter -->
<testsuite hostname="Huawei-PC" failures="0" tests="1" name="tests.createAccountPageTests.FillFormTest" time="9.564" errors="0" timestamp="2023-05-07T18:58:48 EEST" skipped="0">
  <testcase classname="tests.createAccountPageTests.FillFormTest" name="test1" time="9.564"/>
  <system-out/>
</testsuite> <!-- tests.createAccountPageTests.FillFormTest -->
